<?xml version="1.0" encoding="UTF-8"?>
<!-- Generated by org.testng.reporters.JUnitReportReporter -->
<testsuite hostname="USHYDSRIKOLLA1" name="com.cucumber.runner.ERDPDP" tests="10" failures="0" timestamp="18 Mar 2020 11:40:45 GMT" time="711.116" errors="0">
  <testcase name="scenario" time="79.319" classname="com.cucumber.runner.ERDPDP"/>
  <testcase name="scenario" time="65.478" classname="com.cucumber.runner.ERDPDP"/>
  <testcase name="scenario" time="93.902" classname="com.cucumber.runner.ERDPDP"/>
  <testcase name="scenario" time="77.485" classname="com.cucumber.runner.ERDPDP"/>
  <testcase name="scenario" time="81.818" classname="com.cucumber.runner.ERDPDP"/>
  <testcase name="scenario" time="65.007" classname="com.cucumber.runner.ERDPDP"/>
  <testcase name="scenario" time="79.816" classname="com.cucumber.runner.ERDPDP"/>
  <testcase name="scenario" time="76.351" classname="com.cucumber.runner.ERDPDP"/>
  <testcase name="scenario" time="29.665" classname="com.cucumber.runner.ERDPDP"/>
  <testcase name="scenario" time="62.275" classname="com.cucumber.runner.ERDPDP"/>
</testsuite> <!-- com.cucumber.runner.ERDPDP -->
