<?xml version="1.0" encoding="UTF-8"?>
<!-- Generated by org.testng.reporters.JUnitReportReporter -->
<testsuite hostname="USHYDSRIKOLLA1" name="com.cucumber.runner.ThresholdTierPriceTier" tests="15" failures="0" timestamp="18 Mar 2020 11:40:45 GMT" time="1869.648" errors="0">
  <testcase name="scenario" time="107.374" classname="com.cucumber.runner.ThresholdTierPriceTier"/>
  <testcase name="scenario" time="98.176" classname="com.cucumber.runner.ThresholdTierPriceTier"/>
  <testcase name="scenario" time="156.976" classname="com.cucumber.runner.ThresholdTierPriceTier"/>
  <testcase name="scenario" time="165.205" classname="com.cucumber.runner.ThresholdTierPriceTier"/>
  <testcase name="scenario" time="150.380" classname="com.cucumber.runner.ThresholdTierPriceTier"/>
  <testcase name="scenario" time="99.910" classname="com.cucumber.runner.ThresholdTierPriceTier"/>
  <testcase name="scenario" time="173.846" classname="com.cucumber.runner.ThresholdTierPriceTier"/>
  <testcase name="scenario" time="103.017" classname="com.cucumber.runner.ThresholdTierPriceTier"/>
  <testcase name="scenario" time="126.631" classname="com.cucumber.runner.ThresholdTierPriceTier"/>
  <testcase name="scenario" time="106.723" classname="com.cucumber.runner.ThresholdTierPriceTier"/>
  <testcase name="scenario" time="158.976" classname="com.cucumber.runner.ThresholdTierPriceTier"/>
  <testcase name="scenario" time="111.641" classname="com.cucumber.runner.ThresholdTierPriceTier"/>
  <testcase name="scenario" time="86.403" classname="com.cucumber.runner.ThresholdTierPriceTier"/>
  <testcase name="scenario" time="93.513" classname="com.cucumber.runner.ThresholdTierPriceTier"/>
  <testcase name="scenario" time="130.877" classname="com.cucumber.runner.ThresholdTierPriceTier"/>
</testsuite> <!-- com.cucumber.runner.ThresholdTierPriceTier -->
