<?xml version="1.0" encoding="UTF-8"?>
<!-- Generated by org.testng.reporters.JUnitReportReporter -->
<testsuite hostname="USHYDSRIKOLLA1" name="com.cucumber.runner.ERDCheckout" tests="21" failures="0" timestamp="23 Feb 2020 12:35:14 GMT" time="1909.184" errors="8">
  <testcase name="scenario" time="22.318" classname="com.cucumber.runner.ERDCheckout">
    <error type="java.lang.NullPointerException">
      <![CDATA[java.lang.NullPointerException
	at com.cucumber.stepdefinitions.LoginStepdefs.i_navigate_to_home_page(LoginStepdefs.java:79)
	at com.cucumber.stepdefinitions.LoginStepdefs.PLPFilterOption(LoginStepdefs.java:624)
	at ✽.I login as existing customer "user36"(src/test/resources/features/ERDCheckout.feature:89)
]]>
    </error>
  </testcase> <!-- scenario -->
  <testcase name="scenario" time="96.748" classname="com.cucumber.runner.ERDCheckout"/>
  <testcase name="scenario" time="158.283" classname="com.cucumber.runner.ERDCheckout"/>
  <testcase name="scenario" time="67.836" classname="com.cucumber.runner.ERDCheckout"/>
  <testcase name="scenario" time="74.122" classname="com.cucumber.runner.ERDCheckout"/>
  <testcase name="scenario" time="149.483" classname="com.cucumber.runner.ERDCheckout"/>
  <testcase name="scenario" time="21.780" classname="com.cucumber.runner.ERDCheckout">
    <error type="java.lang.NullPointerException">
      <![CDATA[java.lang.NullPointerException
	at com.cucumber.stepdefinitions.LoginStepdefs.i_navigate_to_home_page(LoginStepdefs.java:79)
	at com.cucumber.stepdefinitions.LoginStepdefs.PLPFilterOption(LoginStepdefs.java:624)
	at ✽.I login as existing customer "user36"(src/test/resources/features/ERDCheckout.feature:77)
]]>
    </error>
  </testcase> <!-- scenario -->
  <testcase name="scenario" time="22.771" classname="com.cucumber.runner.ERDCheckout">
    <error type="java.lang.NullPointerException">
      <![CDATA[java.lang.NullPointerException
	at com.cucumber.stepdefinitions.LoginStepdefs.i_navigate_to_home_page(LoginStepdefs.java:79)
	at com.cucumber.stepdefinitions.LoginStepdefs.PLPFilterOption(LoginStepdefs.java:624)
	at ✽.I login as existing customer "user36"(src/test/resources/features/ERDCheckout.feature:106)
]]>
    </error>
  </testcase> <!-- scenario -->
  <testcase name="scenario" time="139.713" classname="com.cucumber.runner.ERDCheckout"/>
  <testcase name="scenario" time="20.970" classname="com.cucumber.runner.ERDCheckout">
    <error type="java.lang.NullPointerException">
      <![CDATA[java.lang.NullPointerException
	at com.cucumber.stepdefinitions.LoginStepdefs.i_navigate_to_home_page(LoginStepdefs.java:79)
	at com.cucumber.stepdefinitions.LoginStepdefs.PLPFilterOption(LoginStepdefs.java:624)
	at ✽.I login as existing customer "user36"(src/test/resources/features/ERDCheckout.feature:62)
]]>
    </error>
  </testcase> <!-- scenario -->
  <testcase name="scenario" time="20.308" classname="com.cucumber.runner.ERDCheckout">
    <error type="java.lang.NullPointerException">
      <![CDATA[java.lang.NullPointerException
	at com.cucumber.stepdefinitions.LoginStepdefs.i_navigate_to_home_page(LoginStepdefs.java:79)
	at com.cucumber.stepdefinitions.LoginStepdefs.PLPFilterOption(LoginStepdefs.java:624)
	at ✽.I login as existing customer "user36"(src/test/resources/features/ERDCheckout.feature:17)
]]>
    </error>
  </testcase> <!-- scenario -->
  <testcase name="scenario" time="160.296" classname="com.cucumber.runner.ERDCheckout"/>
  <testcase name="scenario" time="24.532" classname="com.cucumber.runner.ERDCheckout">
    <error type="java.lang.NullPointerException">
      <![CDATA[java.lang.NullPointerException
	at com.cucumber.stepdefinitions.LoginStepdefs.i_navigate_to_home_page(LoginStepdefs.java:79)
	at com.cucumber.stepdefinitions.LoginStepdefs.PLPFilterOption(LoginStepdefs.java:624)
	at ✽.I login as existing customer "user36"(src/test/resources/features/ERDCheckout.feature:31)
]]>
    </error>
  </testcase> <!-- scenario -->
  <testcase name="scenario" time="153.612" classname="com.cucumber.runner.ERDCheckout"/>
  <testcase name="scenario" time="103.040" classname="com.cucumber.runner.ERDCheckout"/>
  <testcase name="scenario" time="137.768" classname="com.cucumber.runner.ERDCheckout"/>
  <testcase name="scenario" time="169.586" classname="com.cucumber.runner.ERDCheckout"/>
  <testcase name="scenario" time="127.508" classname="com.cucumber.runner.ERDCheckout"/>
  <testcase name="scenario" time="28.767" classname="com.cucumber.runner.ERDCheckout">
    <error type="java.lang.NullPointerException">
      <![CDATA[java.lang.NullPointerException
	at com.cucumber.stepdefinitions.LoginStepdefs.i_navigate_to_home_page(LoginStepdefs.java:79)
	at com.cucumber.stepdefinitions.LoginStepdefs.PLPFilterOption(LoginStepdefs.java:624)
	at ✽.I login as existing customer "user36"(src/test/resources/features/ERDCheckout.feature:123)
]]>
    </error>
  </testcase> <!-- scenario -->
  <testcase name="scenario" time="15.943" classname="com.cucumber.runner.ERDCheckout">
    <error type="java.lang.NullPointerException">
      <![CDATA[java.lang.NullPointerException
	at com.cucumber.stepdefinitions.LoginStepdefs.i_navigate_to_home_page(LoginStepdefs.java:79)
	at com.cucumber.stepdefinitions.LoginStepdefs.PLPFilterOption(LoginStepdefs.java:624)
	at ✽.I login as existing customer "user36"(src/test/resources/features/ERDCheckout.feature:31)
]]>
    </error>
  </testcase> <!-- scenario -->
  <testcase name="scenario" time="193.800" classname="com.cucumber.runner.ERDCheckout"/>
</testsuite> <!-- com.cucumber.runner.ERDCheckout -->
