<?xml version="1.0" encoding="UTF-8"?>
<!-- Generated by org.testng.reporters.JUnitReportReporter -->
<testsuite hostname="USHYDSRIKOLLA1" name="com.cucumber.runner.R3_2MyAccount" tests="10" failures="0" timestamp="14 Feb 2020 13:12:41 GMT" time="820.328" errors="0">
  <testcase name="scenario" time="56.494" classname="com.cucumber.runner.R3_2MyAccount"/>
  <testcase name="scenario" time="103.758" classname="com.cucumber.runner.R3_2MyAccount"/>
  <testcase name="scenario" time="80.924" classname="com.cucumber.runner.R3_2MyAccount"/>
  <testcase name="scenario" time="101.652" classname="com.cucumber.runner.R3_2MyAccount"/>
  <testcase name="scenario" time="99.077" classname="com.cucumber.runner.R3_2MyAccount"/>
  <testcase name="scenario" time="86.960" classname="com.cucumber.runner.R3_2MyAccount"/>
  <testcase name="scenario" time="33.059" classname="com.cucumber.runner.R3_2MyAccount"/>
  <testcase name="scenario" time="93.258" classname="com.cucumber.runner.R3_2MyAccount"/>
  <testcase name="scenario" time="77.628" classname="com.cucumber.runner.R3_2MyAccount"/>
  <testcase name="scenario" time="87.518" classname="com.cucumber.runner.R3_2MyAccount"/>
</testsuite> <!-- com.cucumber.runner.R3_2MyAccount -->
