<?xml version="1.0" encoding="UTF-8"?>
<!-- Generated by org.testng.reporters.JUnitReportReporter -->
<testsuite hostname="USHYDSRIKOLLA1" name="com.cucumber.runner.ThresholdShipping" tests="8" failures="0" timestamp="18 Mar 2020 11:40:45 GMT" time="553.694" errors="0">
  <testcase name="scenario" time="71.913" classname="com.cucumber.runner.ThresholdShipping"/>
  <testcase name="scenario" time="74.752" classname="com.cucumber.runner.ThresholdShipping"/>
  <testcase name="scenario" time="85.714" classname="com.cucumber.runner.ThresholdShipping"/>
  <testcase name="scenario" time="73.003" classname="com.cucumber.runner.ThresholdShipping"/>
  <testcase name="scenario" time="76.105" classname="com.cucumber.runner.ThresholdShipping"/>
  <testcase name="scenario" time="68.610" classname="com.cucumber.runner.ThresholdShipping"/>
  <testcase name="scenario" time="73.027" classname="com.cucumber.runner.ThresholdShipping"/>
  <testcase name="scenario" time="30.570" classname="com.cucumber.runner.ThresholdShipping"/>
</testsuite> <!-- com.cucumber.runner.ThresholdShipping -->
