<?xml version="1.0" encoding="UTF-8"?>
<!-- Generated by org.testng.reporters.JUnitReportReporter -->
<testsuite hostname="USHYDSRIKOLLA1" name="com.cucumber.runner.ThresholdBobtasticValueExpress" tests="6" failures="0" timestamp="23 Feb 2020 12:35:14 GMT" time="1299.374" errors="0">
  <testcase name="scenario" time="196.693" classname="com.cucumber.runner.ThresholdBobtasticValueExpress"/>
  <testcase name="scenario" time="193.158" classname="com.cucumber.runner.ThresholdBobtasticValueExpress"/>
  <testcase name="scenario" time="185.964" classname="com.cucumber.runner.ThresholdBobtasticValueExpress"/>
  <testcase name="scenario" time="203.049" classname="com.cucumber.runner.ThresholdBobtasticValueExpress"/>
  <testcase name="scenario" time="286.703" classname="com.cucumber.runner.ThresholdBobtasticValueExpress"/>
  <testcase name="scenario" time="233.807" classname="com.cucumber.runner.ThresholdBobtasticValueExpress"/>
</testsuite> <!-- com.cucumber.runner.ThresholdBobtasticValueExpress -->
