<?xml version="1.0" encoding="UTF-8"?>
<!-- Generated by org.testng.reporters.JUnitReportReporter -->
<testsuite hostname="USHYDSRIKOLLA1" name="com.cucumber.runner.PDPMattressDesign" tests="10" failures="0" timestamp="18 Mar 2020 11:40:45 GMT" time="715.920" errors="0">
  <testcase name="scenario" time="72.681" classname="com.cucumber.runner.PDPMattressDesign"/>
  <testcase name="scenario" time="69.032" classname="com.cucumber.runner.PDPMattressDesign"/>
  <testcase name="scenario" time="83.271" classname="com.cucumber.runner.PDPMattressDesign"/>
  <testcase name="scenario" time="58.108" classname="com.cucumber.runner.PDPMattressDesign"/>
  <testcase name="scenario" time="69.893" classname="com.cucumber.runner.PDPMattressDesign"/>
  <testcase name="scenario" time="62.956" classname="com.cucumber.runner.PDPMattressDesign"/>
  <testcase name="scenario" time="95.230" classname="com.cucumber.runner.PDPMattressDesign"/>
  <testcase name="scenario" time="72.040" classname="com.cucumber.runner.PDPMattressDesign"/>
  <testcase name="scenario" time="80.147" classname="com.cucumber.runner.PDPMattressDesign"/>
  <testcase name="scenario" time="52.562" classname="com.cucumber.runner.PDPMattressDesign"/>
</testsuite> <!-- com.cucumber.runner.PDPMattressDesign -->
