<?xml version="1.0" encoding="UTF-8"?>
<!-- Generated by org.testng.reporters.JUnitReportReporter -->
<testsuite hostname="USHYDSRIKOLLA1" name="com.cucumber.runner.Cart" tests="1" failures="0" timestamp="31 Mar 2020 06:57:00 GMT" time="298.522" errors="0">
  <testcase name="scenario" time="298.522" classname="com.cucumber.runner.Cart"/>
</testsuite> <!-- com.cucumber.runner.Cart -->
