<?xml version="1.0" encoding="UTF-8"?>
<!-- Generated by org.testng.reporters.JUnitReportReporter -->
<testsuite hostname="USHYDSRIKOLLA1" name="com.cucumber.runner.PaymentScenarios1" tests="13" failures="0" timestamp="13 Mar 2020 09:00:49 GMT" time="1696.527" errors="3">
  <testcase name="scenario" time="175.421" classname="com.cucumber.runner.PaymentScenarios1"/>
  <testcase name="scenario" time="178.697" classname="com.cucumber.runner.PaymentScenarios1">
    <error type="java.lang.NullPointerException">
      <![CDATA[java.lang.NullPointerException
	at com.cucumber.stepdefinitions.CheckoutStepdefs.i_publish_order_details_to_excel(CheckoutStepdefs.java:1528)
	at ✽.I publish "checkoutPlaceOrderUsingGiftCard+CreditCard" order details to excel(src/test/resources/features/PaymentScenarios.feature:39)
]]>
    </error>
  </testcase> <!-- scenario -->
  <testcase name="scenario" time="243.807" classname="com.cucumber.runner.PaymentScenarios1"/>
  <testcase name="scenario" time="131.875" classname="com.cucumber.runner.PaymentScenarios1"/>
  <testcase name="scenario" time="16.487" classname="com.cucumber.runner.PaymentScenarios1">
    <error type="java.lang.NullPointerException">
      <![CDATA[java.lang.NullPointerException
	at com.cucumber.stepdefinitions.LoginStepdefs.i_navigate_to_home_page_without_updating_zipcode(LoginStepdefs.java:543)
	at com.cucumber.stepdefinitions.LoginStepdefs.i_login_without_entering_zipcode(LoginStepdefs.java:563)
	at ✽.I login without entering zipcode "user3"(src/test/resources/features/PaymentScenarios.feature:178)
]]>
    </error>
  </testcase> <!-- scenario -->
  <testcase name="scenario" time="233.216" classname="com.cucumber.runner.PaymentScenarios1"/>
  <testcase name="scenario" time="135.624" classname="com.cucumber.runner.PaymentScenarios1"/>
  <testcase name="scenario" time="109.646" classname="com.cucumber.runner.PaymentScenarios1"/>
  <testcase name="scenario" time="67.891" classname="com.cucumber.runner.PaymentScenarios1"/>
  <testcase name="scenario" time="20.340" classname="com.cucumber.runner.PaymentScenarios1">
    <error type="java.lang.NullPointerException">
      <![CDATA[java.lang.NullPointerException
	at com.cucumber.stepdefinitions.LoginStepdefs.i_navigate_to_home_page_without_updating_zipcode(LoginStepdefs.java:543)
	at com.cucumber.stepdefinitions.LoginStepdefs.i_login_without_entering_zipcode(LoginStepdefs.java:561)
	at ✽.I login without entering zipcode "guest"(src/test/resources/features/PaymentScenarios.feature:178)
]]>
    </error>
  </testcase> <!-- scenario -->
  <testcase name="scenario" time="117.026" classname="com.cucumber.runner.PaymentScenarios1"/>
  <testcase name="scenario" time="138.640" classname="com.cucumber.runner.PaymentScenarios1"/>
  <testcase name="scenario" time="127.857" classname="com.cucumber.runner.PaymentScenarios1"/>
</testsuite> <!-- com.cucumber.runner.PaymentScenarios1 -->
