<?xml version="1.0" encoding="UTF-8"?>
<!-- Generated by org.testng.reporters.JUnitReportReporter -->
<testsuite hostname="USHYDSRIKOLLA1" name="com.cucumber.runner.NearestStore" tests="10" failures="0" timestamp="17 Feb 2020 13:25:40 GMT" time="727.677" errors="0">
  <testcase name="scenario" time="86.371" classname="com.cucumber.runner.NearestStore"/>
  <testcase name="scenario" time="67.314" classname="com.cucumber.runner.NearestStore"/>
  <testcase name="scenario" time="57.454" classname="com.cucumber.runner.NearestStore"/>
  <testcase name="scenario" time="67.311" classname="com.cucumber.runner.NearestStore"/>
  <testcase name="scenario" time="73.432" classname="com.cucumber.runner.NearestStore"/>
  <testcase name="scenario" time="33.022" classname="com.cucumber.runner.NearestStore"/>
  <testcase name="scenario" time="91.363" classname="com.cucumber.runner.NearestStore"/>
  <testcase name="scenario" time="66.118" classname="com.cucumber.runner.NearestStore"/>
  <testcase name="scenario" time="103.414" classname="com.cucumber.runner.NearestStore"/>
  <testcase name="scenario" time="81.878" classname="com.cucumber.runner.NearestStore"/>
</testsuite> <!-- com.cucumber.runner.NearestStore -->
