<?xml version="1.0" encoding="UTF-8"?>
<!-- Generated by org.testng.reporters.JUnitReportReporter -->
<testsuite hostname="USHYDSRIKOLLA1" name="com.cucumber.runner.LocalizationRunner" tests="1" failures="0" timestamp="23 Jun 2020 06:28:44 GMT" time="25.344" errors="0">
  <testcase name="scenario" time="25.344" classname="com.cucumber.runner.LocalizationRunner"/>
</testsuite> <!-- com.cucumber.runner.LocalizationRunner -->
