<?xml version="1.0" encoding="UTF-8"?>
<!-- Generated by org.testng.reporters.JUnitReportReporter -->
<testsuite skipped="1" hostname="USHYDSRIKOLLA1" name="com.cucumber.runner.HomePageRunner" tests="1" failures="0" timestamp="23 Dec 2020 11:26:20 GMT" time="0.249" errors="0">
  <testcase name="runScenario" time="0.249" classname="com.cucumber.runner.HomePageRunner">
    <skipped/>
  </testcase> <!-- runScenario -->
</testsuite> <!-- com.cucumber.runner.HomePageRunner -->
