<?xml version="1.0" encoding="UTF-8"?>
<!-- Generated by org.testng.reporters.JUnitReportReporter -->
<testsuite hostname="USHYDSRIKOLLA1" name="com.cucumber.runner.MyAccount" tests="12" failures="0" timestamp="13 Feb 2020 07:49:35 GMT" time="1162.976" errors="0">
  <testcase name="scenario" time="193.222" classname="com.cucumber.runner.MyAccount"/>
  <testcase name="scenario" time="87.227" classname="com.cucumber.runner.MyAccount"/>
  <testcase name="scenario" time="79.806" classname="com.cucumber.runner.MyAccount"/>
  <testcase name="scenario" time="55.772" classname="com.cucumber.runner.MyAccount"/>
  <testcase name="scenario" time="125.526" classname="com.cucumber.runner.MyAccount"/>
  <testcase name="scenario" time="57.859" classname="com.cucumber.runner.MyAccount"/>
  <testcase name="scenario" time="148.611" classname="com.cucumber.runner.MyAccount"/>
  <testcase name="scenario" time="71.856" classname="com.cucumber.runner.MyAccount"/>
  <testcase name="scenario" time="53.600" classname="com.cucumber.runner.MyAccount"/>
  <testcase name="scenario" time="81.985" classname="com.cucumber.runner.MyAccount"/>
  <testcase name="scenario" time="53.913" classname="com.cucumber.runner.MyAccount"/>
  <testcase name="scenario" time="153.599" classname="com.cucumber.runner.MyAccount"/>
</testsuite> <!-- com.cucumber.runner.MyAccount -->
