<?xml version="1.0" encoding="UTF-8"?>
<!-- Generated by org.testng.reporters.JUnitReportReporter -->
<testsuite hostname="USHYDSRIKOLLA1" name="com.cucumber.runner.PaymentScenarios2" tests="6" failures="0" timestamp="13 Mar 2020 09:00:49 GMT" time="951.543" errors="0">
  <testcase name="scenario" time="196.007" classname="com.cucumber.runner.PaymentScenarios2"/>
  <testcase name="scenario" time="133.448" classname="com.cucumber.runner.PaymentScenarios2"/>
  <testcase name="scenario" time="167.461" classname="com.cucumber.runner.PaymentScenarios2"/>
  <testcase name="scenario" time="125.647" classname="com.cucumber.runner.PaymentScenarios2"/>
  <testcase name="scenario" time="122.160" classname="com.cucumber.runner.PaymentScenarios2"/>
  <testcase name="scenario" time="206.820" classname="com.cucumber.runner.PaymentScenarios2"/>
</testsuite> <!-- com.cucumber.runner.PaymentScenarios2 -->
